<?xml version="1.0" encoding="UTF-8"?>
<testsuite name="JUnit Platform Suite" tests="0" skipped="0" failures="0" errors="0" time="0" hostname="hawoline-Aspire-A315-42" timestamp="2024-03-24T19:09:05">
<properties>
<property name="file.encoding" value="UTF-8"/>
<property name="file.separator" value="/"/>
<property name="java.class.path" value="lib/junit-platform-console-standalone-1.9.3.jar"/>
<property name="java.class.version" value="61.0"/>
<property name="java.home" value="/usr/lib/jvm/java-17-openjdk-amd64"/>
<property name="java.io.tmpdir" value="/tmp"/>
<property name="java.library.path" value="/usr/java/packages/lib:/usr/lib/x86_64-linux-gnu/jni:/lib/x86_64-linux-gnu:/usr/lib/x86_64-linux-gnu:/usr/lib/jni:/lib:/usr/lib"/>
<property name="java.runtime.name" value="OpenJDK Runtime Environment"/>
<property name="java.runtime.version" value="17.0.8.1+1-Ubuntu-0ubuntu120.04"/>
<property name="java.specification.name" value="Java Platform API Specification"/>
<property name="java.specification.vendor" value="Oracle Corporation"/>
<property name="java.specification.version" value="17"/>
<property name="java.vendor" value="Private Build"/>
<property name="java.vendor.url" value="Unknown"/>
<property name="java.vendor.url.bug" value="Unknown"/>
<property name="java.version" value="17.0.8.1"/>
<property name="java.version.date" value="2023-08-24"/>
<property name="java.vm.compressedOopsMode" value="Zero based"/>
<property name="java.vm.info" value="mixed mode, sharing"/>
<property name="java.vm.name" value="OpenJDK 64-Bit Server VM"/>
<property name="java.vm.specification.name" value="Java Virtual Machine Specification"/>
<property name="java.vm.specification.vendor" value="Oracle Corporation"/>
<property name="java.vm.specification.version" value="17"/>
<property name="java.vm.vendor" value="Private Build"/>
<property name="java.vm.version" value="17.0.8.1+1-Ubuntu-0ubuntu120.04"/>
<property name="jdk.debug" value="release"/>
<property name="line.separator" value="
"/>
<property name="native.encoding" value="UTF-8"/>
<property name="os.arch" value="amd64"/>
<property name="os.name" value="Linux"/>
<property name="os.version" value="5.4.0-166-generic"/>
<property name="path.separator" value=":"/>
<property name="sun.arch.data.model" value="64"/>
<property name="sun.boot.library.path" value="/usr/lib/jvm/java-17-openjdk-amd64/lib"/>
<property name="sun.cpu.endian" value="little"/>
<property name="sun.io.unicode.encoding" value="UnicodeLittle"/>
<property name="sun.java.command" value="lib/junit-platform-console-standalone-1.9.3.jar --class-path target --select-class TestCalculator --reports-dir=reports"/>
<property name="sun.java.launcher" value="SUN_STANDARD"/>
<property name="sun.jnu.encoding" value="UTF-8"/>
<property name="sun.management.compiler" value="HotSpot 64-Bit Tiered Compilers"/>
<property name="sun.stderr.encoding" value="UTF-8"/>
<property name="sun.stdout.encoding" value="UTF-8"/>
<property name="user.country" value="US"/>
<property name="user.dir" value="/home/hawoline/Programs/JUnit Learn"/>
<property name="user.home" value="/home/hawoline"/>
<property name="user.language" value="en"/>
<property name="user.name" value="hawoline"/>
<property name="user.timezone" value="Asia/Krasnoyarsk"/>
</properties>
<system-out><![CDATA[
unique-id: [engine:junit-platform-suite]
display-name: JUnit Platform Suite
]]></system-out>
</testsuite>
