<?xml version="1.0" encoding="UTF-8"?>
<testsuite name="JUnit Jupiter" tests="12" skipped="1" failures="0" errors="0" time="0.146" hostname="hawoline-Aspire-A315-42" timestamp="2024-03-24T19:09:05">
<properties>
<property name="file.encoding" value="UTF-8"/>
<property name="file.separator" value="/"/>
<property name="java.class.path" value="lib/junit-platform-console-standalone-1.9.3.jar"/>
<property name="java.class.version" value="61.0"/>
<property name="java.home" value="/usr/lib/jvm/java-17-openjdk-amd64"/>
<property name="java.io.tmpdir" value="/tmp"/>
<property name="java.library.path" value="/usr/java/packages/lib:/usr/lib/x86_64-linux-gnu/jni:/lib/x86_64-linux-gnu:/usr/lib/x86_64-linux-gnu:/usr/lib/jni:/lib:/usr/lib"/>
<property name="java.runtime.name" value="OpenJDK Runtime Environment"/>
<property name="java.runtime.version" value="17.0.8.1+1-Ubuntu-0ubuntu120.04"/>
<property name="java.specification.name" value="Java Platform API Specification"/>
<property name="java.specification.vendor" value="Oracle Corporation"/>
<property name="java.specification.version" value="17"/>
<property name="java.vendor" value="Private Build"/>
<property name="java.vendor.url" value="Unknown"/>
<property name="java.vendor.url.bug" value="Unknown"/>
<property name="java.version" value="17.0.8.1"/>
<property name="java.version.date" value="2023-08-24"/>
<property name="java.vm.compressedOopsMode" value="Zero based"/>
<property name="java.vm.info" value="mixed mode, sharing"/>
<property name="java.vm.name" value="OpenJDK 64-Bit Server VM"/>
<property name="java.vm.specification.name" value="Java Virtual Machine Specification"/>
<property name="java.vm.specification.vendor" value="Oracle Corporation"/>
<property name="java.vm.specification.version" value="17"/>
<property name="java.vm.vendor" value="Private Build"/>
<property name="java.vm.version" value="17.0.8.1+1-Ubuntu-0ubuntu120.04"/>
<property name="jdk.debug" value="release"/>
<property name="line.separator" value="
"/>
<property name="native.encoding" value="UTF-8"/>
<property name="os.arch" value="amd64"/>
<property name="os.name" value="Linux"/>
<property name="os.version" value="5.4.0-166-generic"/>
<property name="path.separator" value=":"/>
<property name="sun.arch.data.model" value="64"/>
<property name="sun.boot.library.path" value="/usr/lib/jvm/java-17-openjdk-amd64/lib"/>
<property name="sun.cpu.endian" value="little"/>
<property name="sun.io.unicode.encoding" value="UnicodeLittle"/>
<property name="sun.java.command" value="lib/junit-platform-console-standalone-1.9.3.jar --class-path target --select-class TestCalculator --reports-dir=reports"/>
<property name="sun.java.launcher" value="SUN_STANDARD"/>
<property name="sun.jnu.encoding" value="UTF-8"/>
<property name="sun.management.compiler" value="HotSpot 64-Bit Tiered Compilers"/>
<property name="sun.stderr.encoding" value="UTF-8"/>
<property name="sun.stdout.encoding" value="UTF-8"/>
<property name="user.country" value="US"/>
<property name="user.dir" value="/home/hawoline/Programs/JUnit Learn"/>
<property name="user.home" value="/home/hawoline"/>
<property name="user.language" value="en"/>
<property name="user.name" value="hawoline"/>
<property name="user.timezone" value="Asia/Krasnoyarsk"/>
</properties>
<testcase name="sumSeveralNums()" classname="TestCalculator" time="0.001">
<system-out><![CDATA[
unique-id: [engine:junit-jupiter]/[class:TestCalculator]/[method:sumSeveralNums()]
display-name: sumSeveralNums()
]]></system-out>
</testcase>
<testcase name="sumWithoutCalculatorFields(int, int, int)[1]" classname="TestCalculator" time="0.017">
<system-out><![CDATA[
unique-id: [engine:junit-jupiter]/[class:TestCalculator]/[test-template:sumWithoutCalculatorFields(int, int, int)]/[test-template-invocation:#1]
display-name: [1] 170, 90, 80
]]></system-out>
</testcase>
<testcase name="sumWithoutCalculatorFields(int, int, int)[2]" classname="TestCalculator" time="0.001">
<system-out><![CDATA[
unique-id: [engine:junit-jupiter]/[class:TestCalculator]/[test-template:sumWithoutCalculatorFields(int, int, int)]/[test-template-invocation:#2]
display-name: [2] -2147483648, 2147483647, 1
]]></system-out>
</testcase>
<testcase name="testNullNums()" classname="TestCalculator" time="0.001">
<system-out><![CDATA[
unique-id: [engine:junit-jupiter]/[class:TestCalculator]/[method:testNullNums()]
display-name: testNullNums()
]]></system-out>
</testcase>
<testcase name="sumMaxIntegerWithOne()" classname="TestCalculator" time="0">
<system-out><![CDATA[
unique-id: [engine:junit-jupiter]/[class:TestCalculator]/[method:sumMaxIntegerWithOne()]
display-name: sumMaxIntegerWithOne()
]]></system-out>
</testcase>
<testcase name="sumWithoutCalculatorFields(int, int, int)[3]" classname="TestCalculator" time="0.001">
<system-out><![CDATA[
unique-id: [engine:junit-jupiter]/[class:TestCalculator]/[test-template:sumWithoutCalculatorFields(int, int, int)]/[test-template-invocation:#3]
display-name: [3] 2147483647, -2147483648, -1
]]></system-out>
</testcase>
<testcase name="sum()" classname="TestCalculator" time="0.001">
<system-out><![CDATA[
unique-id: [engine:junit-jupiter]/[class:TestCalculator]/[method:sum()]
display-name: sum()
]]></system-out>
</testcase>
<testcase name="sumWithoutCalculatorFields(int, int, int)[4]" classname="TestCalculator" time="0.001">
<system-out><![CDATA[
unique-id: [engine:junit-jupiter]/[class:TestCalculator]/[test-template:sumWithoutCalculatorFields(int, int, int)]/[test-template-invocation:#4]
display-name: [4] -1, 2147483647, -2147483648
]]></system-out>
</testcase>
<testcase name="sumMaxIntegerWithMinInteger()" classname="TestCalculator" time="0.023">
<system-out><![CDATA[
unique-id: [engine:junit-jupiter]/[class:TestCalculator]/[method:sumMaxIntegerWithMinInteger()]
display-name: sumMaxIntegerWithMinInteger()
]]></system-out>
</testcase>
<testcase name="testArrayList()" classname="TestCalculator" time="0.002">
<system-out><![CDATA[
unique-id: [engine:junit-jupiter]/[class:TestCalculator]/[method:testArrayList()]
display-name: testArrayList()
]]></system-out>
</testcase>
<testcase name="sumWhenResultWilBeZero()" classname="TestCalculator" time="0">
<skipped><![CDATA[void TestCalculator.sumWhenResultWilBeZero() is @Disabled]]></skipped>
<system-out><![CDATA[
unique-id: [engine:junit-jupiter]/[class:TestCalculator]/[method:sumWhenResultWilBeZero()]
display-name: sumWhenResultWilBeZero()
]]></system-out>
</testcase>
<testcase name="sumMinIntegerWithMinusOne()" classname="TestCalculator" time="0.001">
<system-out><![CDATA[
unique-id: [engine:junit-jupiter]/[class:TestCalculator]/[method:sumMinIntegerWithMinusOne()]
display-name: sumMinIntegerWithMinusOne()
]]></system-out>
</testcase>
<system-out><![CDATA[
unique-id: [engine:junit-jupiter]
display-name: JUnit Jupiter
]]></system-out>
</testsuite>
